#
# A fatal error has been detected by the Java Runtime Environment:
#
#  SIGSEGV (0xb) at pc=0x00000001e30ec561, pid=2031, tid=1811
#
# JRE version: Java(TM) SE Runtime Environment (8.0_51-b16) (build 1.8.0_51-b16)
# Java VM: Java HotSpot(TM) 64-Bit Server VM (25.51-b03 mixed mode bsd-amd64 compressed oops)
# Problematic frame:
# C  [libglass.dylib+0x15561]  GlassScreenDidChangeScreenParameters+0x21
#
# Failed to write core dump. Core dumps have been disabled. To enable core dumping, try "ulimit -c unlimited" before starting Java again
#
# If you would like to submit a bug report, please visit:
#   http://bugreport.java.com/bugreport/crash.jsp
#

---------------  T H R E A D  ---------------

Current thread is native thread

siginfo: si_signo: 11 (SIGSEGV), si_code: 1 (SEGV_MAPERR), si_addr: 0x0000000000000000

Registers:
RAX=0x00000001e311eac8, RBX=0x0000000000000000, RCX=0xd900549769c9c450, RDX=0x00007fff7dcda1f8
RSP=0x00007fff5881fd40, RBP=0x00007fff5881fd50, RSI=0x00007f8aaa40e590, RDI=0x0000000000000000
R8 =0x00007fff5881fbf0, R9 =0x00007fff7ea25300, R10=0x0000000000000000, R11=0x0000000000000246
R12=0x00007f8aab810500, R13=0x00000000000f4268, R14=0x00007f8aaa469970, R15=0x00007fff5881fe90
RIP=0x00000001e30ec561, EFLAGS=0x0000000000010246, ERR=0x0000000000000004
  TRAPNO=0x000000000000000e

Top of Stack: (sp=0x00007fff5881fd40)
0x00007fff5881fd40:   00007fff5881ff20 00007f8aaa469970
0x00007fff5881fd50:   00007fff5881fd60 00007fff9b929cbc
0x00007fff5881fd60:   00007fff588200c0 00007fff9b81b1b4
0x00007fff5881fd70:   00007f8aabb25740 0000000000003200
0x00007fff5881fd80:   00000001073f8000 00007f8aab8fc080
0x00007fff5881fd90:   0000000000001005 0000000000000270
0x00007fff5881fda0:   0000000000000004 00007f8aaa469970
0x00007fff5881fdb0:   0000000000000000 00007fff5881fe90
0x00007fff5881fdc0:   0000000000000000 00007f8aaa469930
0x00007fff5881fdd0:   00007fff5881ff10 000000000000001a
0x00007fff5881fde0:   00000000000f4286 00007f8aaa705e00
0x00007fff5881fdf0:   00007f8aabb21960 00007f8aab810500
0x00007fff5881fe00:   0000000000000001 00000000000f4268
0x00007fff5881fe10:   00007f8aab8104f0 00007fff91528acb
0x00007fff5881fe20:   0000000000000001 0000000000000001
0x00007fff5881fe30:   0000000000000030 0000000000000001
0x00007fff5881fe40:   00007fff5881fe60 00007fff9152e231
0x00007fff5881fe50:   00007fff7f564dd0 0000000000000000
0x00007fff5881fe60:   00007fff5881fe80 0000000000000005
0x00007fff5881fe70:   0000310300000000 00007f8aab810524
0x00007fff5881fe80:   0000000000000000 00007fff9b810c8f
0x00007fff5881fe90:   00007f8aaa469970 00007fff7f564dd0
0x00007fff5881fea0:   00007fff5881ff20 0000000000000004
0x00007fff5881feb0:   00007fff5881fef0 00007fff9152853e
0x00007fff5881fec0:   00000001073fba00 0000000000000002
0x00007fff5881fed0:   00000001073f8000 00007f8aaa706222
0x00007fff5881fee0:   0000000000000003 00000001073fec00
0x00007fff5881fef0:   00007fff5881ffe0 00007fff915272a2
0x00007fff5881ff00:   00007f8aab860bd0 00007fff588200c8
0x00007fff5881ff10:   0000000000000017 0000000000000000
0x00007fff5881ff20:   00000000000f4268 00007fff9b810f83
0x00007fff5881ff30:   00007fff00000000 00007f8aaa441690 

Instructions: (pc=0x00000001e30ec561)
0x00000001e30ec541:   48 89 e5 41 56 53 48 8d 05 72 26 03 00 48 83 38
0x00000001e30ec551:   00 48 89 fb 75 72 48 8d 05 6a 25 03 00 48 8b 30
0x00000001e30ec561:   48 8b 03 48 8d 15 74 9a 01 00 48 8d 0d 2e 70 01
0x00000001e30ec571:   00 48 89 df ff 90 88 03 00 00 48 8d 0d 3e 26 03 

Register to memory mapping:

RAX=0x00000001e311eac8: jScreenClass+0 in /Library/Java/JavaVirtualMachines/jdk1.8.0_51.jdk/Contents/Home/jre/lib/libglass.dylib at 0x00000001e30d7000
RBX=0x0000000000000000 is an unknown value
RCX=0xd900549769c9c450 is an unknown value
RDX=0x00007fff7dcda1f8: __sFX+0x1c8 in /usr/lib/system/libsystem_c.dylib at 0x00007fff90106000
RSP=0x00007fff5881fd40 is an unknown value
RBP=0x00007fff5881fd50 is an unknown value
RSI=0x00007f8aaa40e590 is a global jni handle
RDI=0x0000000000000000 is an unknown value
R8 =0x00007fff5881fbf0 is an unknown value
R9 =0x00007fff7ea25300: _thread+0 in /usr/lib/system/libsystem_pthread.dylib at 0x00007fff95f10000
R10=0x0000000000000000 is an unknown value
R11=0x0000000000000246 is an unknown value
R12=0x00007f8aab810500 is an unknown value
R13=0x00000000000f4268 is an unknown value
R14=0x00007f8aaa469970 is an unknown value
R15=0x00007fff5881fe90 is an unknown value


Stack: [0x00007fff58023000,0x00007fff58823000],  sp=0x00007fff5881fd40,  free space=8179k
Native frames: (J=compiled Java code, j=interpreted, Vv=VM code, C=native code)
C  [libglass.dylib+0x15561]  GlassScreenDidChangeScreenParameters+0x21
C  [CoreFoundation+0x11ecbc]  __CFNOTIFICATIONCENTER_IS_CALLING_OUT_TO_AN_OBSERVER__+0xc
C  [CoreFoundation+0x101b4]  _CFXNotificationPost+0xc44
C  [Foundation+0x2ea1]  -[NSNotificationCenter postNotificationName:object:userInfo:]+0x42
C  [AppKit+0x362dee]  -[NSApplication _reactToScreenInvalidationImmediately:]+0x17b
C  [AppKit+0x362c2d]  __44-[NSApplication _reactToScreenInvalidation:]_block_invoke+0x4b
C  [CoreFoundation+0x8054c]  __CFRUNLOOP_IS_CALLING_OUT_TO_A_BLOCK__+0xc
C  [CoreFoundation+0x72655]  __CFRunLoopDoBlocks+0x155
C  [CoreFoundation+0x72196]  __CFRunLoopRun+0x716
C  [CoreFoundation+0x71838]  CFRunLoopRunSpecific+0x128
C  [java+0x6463]  CreateExecutionEnvironment+0x367
C  [java+0x21ac]  JLI_Launch+0x7a0
C  [java+0x84c0]  main+0x65
C  [java+0x1a04]  start+0x34


---------------  P R O C E S S  ---------------

VM state:at safepoint (normal execution)

VM Mutex/Monitor currently owned by a thread:  ([mutex/lock_event])
[0x00007f8aab8031f0] Threads_lock - owner thread: 0x00007f8aac833000

Heap:
 PSYoungGen      total 38400K, used 14512K [0x000000016e180000, 0x0000000170c00000, 0x0000000198c00000)
  eden space 33280K, 43% used [0x000000016e180000,0x000000016efac0c8,0x0000000170200000)
  from space 5120K, 0% used [0x0000000170700000,0x0000000170700000,0x0000000170c00000)
  to   space 5120K, 0% used [0x0000000170200000,0x0000000170200000,0x0000000170700000)
 ParOldGen       total 87552K, used 0K [0x0000000118c00000, 0x000000011e180000, 0x000000016e180000)
  object space 87552K, 0% used [0x0000000118c00000,0x0000000118c00000,0x000000011e180000)
 Metaspace       used 7755K, capacity 8094K, committed 8320K, reserved 1056768K
  class space    used 906K, capacity 1035K, committed 1152K, reserved 1048576K

Card table byte_map: [0x0000000198c00000,0x0000000199001000] byte_map_base: 0x000000019833a000

Marking Bits: (ParMarkBitMap*) 0x0000000108ec27a0
 Begin Bits: [0x0000000199ac4000, 0x000000019bac4000)
 End Bits:   [0x000000019bac4000, 0x000000019dac4000)

Polling page: 0x00000001075f6000

CodeCache: size=245760Kb used=2281Kb max_used=2281Kb free=243478Kb
 bounds [0x00000001095b5000, 0x0000000109825000, 0x00000001185b5000]
 total_blobs=940 nmethods=547 adapters=307
 compilation: enabled

Compilation events (10 events):
Event: 0.501 Thread 0x00007f8aac839800  541       3       jdk.internal.org.objectweb.asm.ClassWriter::visitMethod (24 bytes)
Event: 0.501 Thread 0x00007f8aac839800 nmethod 541 0x00000001097edcd0 code [0x00000001097ede40, 0x00000001097ee068]
Event: 0.512 Thread 0x00007f8aac839800  544       3       java.lang.StringBuilder::append (8 bytes)
Event: 0.512 Thread 0x00007f8aac839800 nmethod 544 0x00000001097ee650 code [0x00000001097ee7c0, 0x00000001097ee948]
Event: 0.512 Thread 0x00007f8aac839800  545       3       java.lang.AbstractStringBuilder::append (62 bytes)
Event: 0.513 Thread 0x00007f8aac839800 nmethod 545 0x00000001097ee9d0 code [0x00000001097eeba0, 0x00000001097ef288]
Event: 0.513 Thread 0x00007f8aac839800  546       3       java.nio.ByteBuffer::array (35 bytes)
Event: 0.513 Thread 0x00007f8aac839800 nmethod 546 0x00000001097ef650 code [0x00000001097ef7e0, 0x00000001097efaf8]
Event: 0.513 Thread 0x00007f8aac839800  547       3       java.nio.charset.CoderResult::isUnderflow (13 bytes)
Event: 0.513 Thread 0x00007f8aac839800 nmethod 547 0x00000001097efc50 code [0x00000001097efdc0, 0x00000001097eff70]

GC Heap History (0 events):
No events

Deoptimization events (1 events):
Event: 0.437 Thread 0x00007f8aac0db800 Uncommon trap: reason=unstable_if action=reinterpret pc=0x000000010976a374 method=java.lang.String.replace(CC)Ljava/lang/String; @ 2

Internal exceptions (10 events):
Event: 0.098 Thread 0x00007f8aac009000 Exception <a 'java/security/PrivilegedActionException'> (0x000000016e3b8e10) thrown at [/Users/java_re/workspace/8-2-build-macosx-x86_64/jdk8u51/3951/hotspot/src/share/vm/prims/jvm.cpp, line 1382]
Event: 0.148 Thread 0x00007f8aac009000 Exception <a 'java/lang/NoSuchFieldError': method resolution failed> (0x000000016e4c9d68) thrown at [/Users/java_re/workspace/8-2-build-macosx-x86_64/jdk8u51/3951/hotspot/src/share/vm/prims/methodHandles.cpp, line 1125]
Event: 0.150 Thread 0x00007f8aac009000 Exception <a 'java/lang/NoSuchFieldError': method resolution failed> (0x000000016e4d8438) thrown at [/Users/java_re/workspace/8-2-build-macosx-x86_64/jdk8u51/3951/hotspot/src/share/vm/prims/methodHandles.cpp, line 1125]
Event: 0.167 Thread 0x00007f8aac009000 Exception <a 'java/security/PrivilegedActionException'> (0x000000016e564a28) thrown at [/Users/java_re/workspace/8-2-build-macosx-x86_64/jdk8u51/3951/hotspot/src/share/vm/prims/jvm.cpp, line 1382]
Event: 0.167 Thread 0x00007f8aac009000 Exception <a 'java/security/PrivilegedActionException'> (0x000000016e564be0) thrown at [/Users/java_re/workspace/8-2-build-macosx-x86_64/jdk8u51/3951/hotspot/src/share/vm/prims/jvm.cpp, line 1382]
Event: 0.167 Thread 0x00007f8aac009000 Exception <a 'java/security/PrivilegedActionException'> (0x000000016e567dd0) thrown at [/Users/java_re/workspace/8-2-build-macosx-x86_64/jdk8u51/3951/hotspot/src/share/vm/prims/jvm.cpp, line 1382]
Event: 0.167 Thread 0x00007f8aac009000 Exception <a 'java/security/PrivilegedActionException'> (0x000000016e567f88) thrown at [/Users/java_re/workspace/8-2-build-macosx-x86_64/jdk8u51/3951/hotspot/src/share/vm/prims/jvm.cpp, line 1382]
Event: 0.167 Thread 0x00007f8aac009000 Exception <a 'java/lang/NullPointerException'> (0x000000016e5698a8) thrown at [/Users/java_re/workspace/8-2-build-macosx-x86_64/jdk8u51/3951/hotspot/src/share/vm/interpreter/linkResolver.cpp, line 1178]
Event: 0.460 Thread 0x00007f8aac0db800 Exception <a 'java/net/UnknownHostException'> (0x000000016eda5450) thrown at [/Users/java_re/workspace/8-2-build-macosx-x86_64/jdk8u51/3951/hotspot/src/share/vm/prims/jni.cpp, line 709]
Event: 0.512 Thread 0x00007f8aac009000 Exception <a 'java/lang/reflect/InvocationTargetException'> (0x000000016e85d818) thrown at [/Users/java_re/workspace/8-2-build-macosx-x86_64/jdk8u51/3951/hotspot/src/share/vm/runtime/reflection.cpp, line 1080]

Events (10 events):
Event: 0.512 Thread 0x00007f8aac850000 Thread exited: 0x00007f8aac850000
Event: 0.512 Thread 0x00007f8aaa96a800 Thread exited: 0x00007f8aaa96a800
Event: 0.512 Thread 0x00007f8aac0db800 Thread exited: 0x00007f8aac0db800
Event: 0.513 loading class java/util/Formattable
Event: 0.513 loading class java/util/Formattable done
Event: 0.514 loading class java/util/IdentityHashMap$KeyIterator
Event: 0.514 loading class java/util/IdentityHashMap$IdentityHashMapIterator
Event: 0.514 loading class java/util/IdentityHashMap$IdentityHashMapIterator done
Event: 0.514 loading class java/util/IdentityHashMap$KeyIterator done
Event: 0.514 Executing VM operation: Exit


Dynamic libraries:
0x000000000d51e000 	/System/Library/Frameworks/Cocoa.framework/Versions/A/Cocoa
0x000000000d51e000 	/System/Library/Frameworks/Security.framework/Versions/A/Security
0x000000000d51e000 	/System/Library/Frameworks/ApplicationServices.framework/Versions/A/ApplicationServices
0x000000000d51e000 	/usr/lib/libz.1.dylib
0x000000000d51e000 	/usr/lib/libSystem.B.dylib
0x000000000d51e000 	/usr/lib/libobjc.A.dylib
0x000000000d51e000 	/System/Library/Frameworks/CoreFoundation.framework/Versions/A/CoreFoundation
0x000000000d51e000 	/System/Library/Frameworks/Foundation.framework/Versions/C/Foundation
0x000000000d51e000 	/System/Library/Frameworks/AppKit.framework/Versions/C/AppKit
0x000000000d51e000 	/System/Library/Frameworks/CoreData.framework/Versions/A/CoreData
0x000000000d51e000 	/System/Library/PrivateFrameworks/RemoteViewServices.framework/Versions/A/RemoteViewServices
0x000000000d51e000 	/System/Library/PrivateFrameworks/UIFoundation.framework/Versions/A/UIFoundation
0x000000000d51e000 	/System/Library/Frameworks/IOSurface.framework/Versions/A/IOSurface
0x000000000d51e000 	/System/Library/Frameworks/AudioToolbox.framework/Versions/A/AudioToolbox
0x000000000d51e000 	/System/Library/Frameworks/AudioUnit.framework/Versions/A/AudioUnit
0x000000000d51e000 	/System/Library/PrivateFrameworks/DataDetectorsCore.framework/Versions/A/DataDetectorsCore
0x000000000d51e000 	/System/Library/PrivateFrameworks/DesktopServicesPriv.framework/Versions/A/DesktopServicesPriv
0x000000000d51e000 	/System/Library/Frameworks/Carbon.framework/Versions/A/Frameworks/HIToolbox.framework/Versions/A/HIToolbox
0x000000000d51e000 	/System/Library/Frameworks/QuartzCore.framework/Versions/A/QuartzCore
0x000000000d51e000 	/System/Library/Frameworks/Carbon.framework/Versions/A/Frameworks/SpeechRecognition.framework/Versions/A/SpeechRecognition
0x000000000d51e000 	/usr/lib/libauto.dylib
0x000000000d51e000 	/usr/lib/libicucore.A.dylib
0x000000000d51e000 	/usr/lib/libxml2.2.dylib
0x000000000d51e000 	/System/Library/PrivateFrameworks/CoreUI.framework/Versions/A/CoreUI
0x000000000d51e000 	/System/Library/Frameworks/CoreAudio.framework/Versions/A/CoreAudio
0x000000000d51e000 	/System/Library/Frameworks/DiskArbitration.framework/Versions/A/DiskArbitration
0x000000000d51e000 	/usr/lib/liblangid.dylib
0x000000000d51e000 	/System/Library/PrivateFrameworks/MultitouchSupport.framework/Versions/A/MultitouchSupport
0x000000000d51e000 	/System/Library/Frameworks/IOKit.framework/Versions/A/IOKit
0x000000000d51e000 	/usr/lib/libDiagnosticMessagesClient.dylib
0x000000000d51e000 	/System/Library/Frameworks/CoreServices.framework/Versions/A/CoreServices
0x000000000d51e000 	/System/Library/PrivateFrameworks/PerformanceAnalysis.framework/Versions/A/PerformanceAnalysis
0x000000000d51e000 	/System/Library/PrivateFrameworks/GenerationalStorage.framework/Versions/A/GenerationalStorage
0x000000000d51e000 	/System/Library/Frameworks/OpenGL.framework/Versions/A/OpenGL
0x000000000d51e000 	/System/Library/PrivateFrameworks/Sharing.framework/Versions/A/Sharing
0x000000000d51e000 	/System/Library/Frameworks/CoreGraphics.framework/Versions/A/CoreGraphics
0x000000000d51e000 	/System/Library/Frameworks/CoreText.framework/Versions/A/CoreText
0x000000000d51e000 	/System/Library/Frameworks/ImageIO.framework/Versions/A/ImageIO
0x000000000d51e000 	/usr/lib/libextension.dylib
0x000000000d51e000 	/System/Library/PrivateFrameworks/Backup.framework/Versions/A/Backup
0x000000000d51e000 	/usr/lib/libarchive.2.dylib
0x000000000d51e000 	/System/Library/Frameworks/CFNetwork.framework/Versions/A/CFNetwork
0x000000000d51e000 	/System/Library/Frameworks/SystemConfiguration.framework/Versions/A/SystemConfiguration
0x000000000d51e000 	/usr/lib/libCRFSuite.dylib
0x000000000d51e000 	/usr/lib/libc++.1.dylib
0x000000000d51e000 	/usr/lib/libc++abi.dylib
0x000000000d51e000 	/usr/lib/system/libcache.dylib
0x000000000d51e000 	/usr/lib/system/libcommonCrypto.dylib
0x000000000d51e000 	/usr/lib/system/libcompiler_rt.dylib
0x000000000d51e000 	/usr/lib/system/libcopyfile.dylib
0x000000000d51e000 	/usr/lib/system/libcorecrypto.dylib
0x000000000d51e000 	/usr/lib/system/libdispatch.dylib
0x000000000d51e000 	/usr/lib/system/libdyld.dylib
0x000000000d51e000 	/usr/lib/system/libkeymgr.dylib
0x000000000d51e000 	/usr/lib/system/liblaunch.dylib
0x000000000d51e000 	/usr/lib/system/libmacho.dylib
0x000000000d51e000 	/usr/lib/system/libquarantine.dylib
0x000000000d51e000 	/usr/lib/system/libremovefile.dylib
0x000000000d51e000 	/usr/lib/system/libsystem_asl.dylib
0x000000000d51e000 	/usr/lib/system/libsystem_blocks.dylib
0x000000000d51e000 	/usr/lib/system/libsystem_c.dylib
0x000000000d51e000 	/usr/lib/system/libsystem_configuration.dylib
0x000000000d51e000 	/usr/lib/system/libsystem_coreservices.dylib
0x000000000d51e000 	/usr/lib/system/libsystem_coretls.dylib
0x000000000d51e000 	/usr/lib/system/libsystem_dnssd.dylib
0x000000000d51e000 	/usr/lib/system/libsystem_info.dylib
0x000000000d51e000 	/usr/lib/system/libsystem_kernel.dylib
0x000000000d51e000 	/usr/lib/system/libsystem_m.dylib
0x000000000d51e000 	/usr/lib/system/libsystem_malloc.dylib
0x000000000d51e000 	/usr/lib/system/libsystem_network.dylib
0x000000000d51e000 	/usr/lib/system/libsystem_networkextension.dylib
0x000000000d51e000 	/usr/lib/system/libsystem_notify.dylib
0x000000000d51e000 	/usr/lib/system/libsystem_platform.dylib
0x000000000d51e000 	/usr/lib/system/libsystem_pthread.dylib
0x000000000d51e000 	/usr/lib/system/libsystem_sandbox.dylib
0x000000000d51e000 	/usr/lib/system/libsystem_secinit.dylib
0x000000000d51e000 	/usr/lib/system/libsystem_stats.dylib
0x000000000d51e000 	/usr/lib/system/libsystem_trace.dylib
0x000000000d51e000 	/usr/lib/system/libunc.dylib
0x000000000d51e000 	/usr/lib/system/libunwind.dylib
0x000000000d51e000 	/usr/lib/system/libxpc.dylib
0x000000000d51e000 	/usr/lib/libbz2.1.0.dylib
0x000000000d51e000 	/usr/lib/liblzma.5.dylib
0x000000000d51e000 	/usr/lib/libbsm.0.dylib
0x000000000d51e000 	/usr/lib/libsqlite3.dylib
0x000000000d51e000 	/usr/lib/system/libkxld.dylib
0x000000000d51e000 	/usr/lib/libxar.1.dylib
0x000000000d51e000 	/usr/lib/libpam.2.dylib
0x000000000d51e000 	/usr/lib/libOpenScriptingUtil.dylib
0x000000000d51e000 	/System/Library/Frameworks/CoreServices.framework/Versions/A/Frameworks/FSEvents.framework/Versions/A/FSEvents
0x000000000d51e000 	/System/Library/Frameworks/CoreServices.framework/Versions/A/Frameworks/CarbonCore.framework/Versions/A/CarbonCore
0x000000000d51e000 	/System/Library/Frameworks/CoreServices.framework/Versions/A/Frameworks/Metadata.framework/Versions/A/Metadata
0x000000000d51e000 	/System/Library/Frameworks/CoreServices.framework/Versions/A/Frameworks/OSServices.framework/Versions/A/OSServices
0x000000000d51e000 	/System/Library/Frameworks/CoreServices.framework/Versions/A/Frameworks/SearchKit.framework/Versions/A/SearchKit
0x000000000d51e000 	/System/Library/Frameworks/CoreServices.framework/Versions/A/Frameworks/AE.framework/Versions/A/AE
0x000000000d51e000 	/System/Library/Frameworks/CoreServices.framework/Versions/A/Frameworks/LaunchServices.framework/Versions/A/LaunchServices
0x000000000d51e000 	/System/Library/Frameworks/CoreServices.framework/Versions/A/Frameworks/DictionaryServices.framework/Versions/A/DictionaryServices
0x000000000d51e000 	/System/Library/Frameworks/NetFS.framework/Versions/A/NetFS
0x000000000d51e000 	/System/Library/PrivateFrameworks/NetAuth.framework/Versions/A/NetAuth
0x000000000d51e000 	/System/Library/PrivateFrameworks/login.framework/Versions/A/Frameworks/loginsupport.framework/Versions/A/loginsupport
0x000000000d51e000 	/System/Library/PrivateFrameworks/TCC.framework/Versions/A/TCC
0x000000000d51e000 	/usr/lib/libmecabra.dylib
0x000000000d51e000 	/System/Library/PrivateFrameworks/LanguageModeling.framework/Versions/A/LanguageModeling
0x000000000d51e000 	/usr/lib/libcmph.dylib
0x000000000d51e000 	/usr/lib/libiconv.2.dylib
0x000000000d51e000 	/System/Library/Frameworks/OpenDirectory.framework/Versions/A/Frameworks/CFOpenDirectory.framework/Versions/A/CFOpenDirectory
0x000000000d51e000 	/System/Library/Frameworks/ServiceManagement.framework/Versions/A/ServiceManagement
0x000000000d51e000 	/usr/lib/libxslt.1.dylib
0x000000000d51e000 	/System/Library/Frameworks/Carbon.framework/Versions/A/Frameworks/Ink.framework/Versions/A/Ink
0x000000000d51e000 	/System/Library/Frameworks/ApplicationServices.framework/Versions/A/Frameworks/ATS.framework/Versions/A/ATS
0x000000000d51e000 	/System/Library/Frameworks/ApplicationServices.framework/Versions/A/Frameworks/ColorSync.framework/Versions/A/ColorSync
0x000000000d51e000 	/System/Library/Frameworks/ApplicationServices.framework/Versions/A/Frameworks/HIServices.framework/Versions/A/HIServices
0x000000000d51e000 	/System/Library/Frameworks/ApplicationServices.framework/Versions/A/Frameworks/LangAnalysis.framework/Versions/A/LangAnalysis
0x000000000d51e000 	/System/Library/Frameworks/ApplicationServices.framework/Versions/A/Frameworks/PrintCore.framework/Versions/A/PrintCore
0x000000000d51e000 	/System/Library/Frameworks/ApplicationServices.framework/Versions/A/Frameworks/QD.framework/Versions/A/QD
0x000000000d51e000 	/System/Library/Frameworks/ApplicationServices.framework/Versions/A/Frameworks/SpeechSynthesis.framework/Versions/A/SpeechSynthesis
0x000000000d51e000 	/System/Library/Frameworks/Accelerate.framework/Versions/A/Accelerate
0x000000000d51e000 	/System/Library/Frameworks/Accelerate.framework/Versions/A/Frameworks/vImage.framework/Versions/A/vImage
0x000000000d51e000 	/System/Library/Frameworks/Accelerate.framework/Versions/A/Frameworks/vecLib.framework/Versions/A/vecLib
0x000000000d51e000 	/System/Library/Frameworks/Accelerate.framework/Versions/A/Frameworks/vecLib.framework/Versions/A/libvDSP.dylib
0x000000000d51e000 	/System/Library/Frameworks/Accelerate.framework/Versions/A/Frameworks/vecLib.framework/Versions/A/libvMisc.dylib
0x000000000d51e000 	/System/Library/Frameworks/Accelerate.framework/Versions/A/Frameworks/vecLib.framework/Versions/A/libLAPACK.dylib
0x000000000d51e000 	/System/Library/Frameworks/Accelerate.framework/Versions/A/Frameworks/vecLib.framework/Versions/A/libBLAS.dylib
0x000000000d51e000 	/System/Library/Frameworks/Accelerate.framework/Versions/A/Frameworks/vecLib.framework/Versions/A/libLinearAlgebra.dylib
0x000000000d51e000 	/System/Library/Frameworks/ApplicationServices.framework/Versions/A/Frameworks/ATS.framework/Versions/A/Resources/libFontParser.dylib
0x000000000d51e000 	/System/Library/Frameworks/ApplicationServices.framework/Versions/A/Frameworks/ATS.framework/Versions/A/Resources/libFontRegistry.dylib
0x000000000d51e000 	/System/Library/PrivateFrameworks/AppleVPA.framework/Versions/A/AppleVPA
0x000000000d51e000 	/System/Library/PrivateFrameworks/AppleJPEG.framework/Versions/A/AppleJPEG
0x000000000d51e000 	/System/Library/Frameworks/ImageIO.framework/Versions/A/Resources/libJPEG.dylib
0x000000000d51e000 	/System/Library/Frameworks/ImageIO.framework/Versions/A/Resources/libTIFF.dylib
0x000000000d51e000 	/System/Library/Frameworks/ImageIO.framework/Versions/A/Resources/libPng.dylib
0x000000000d51e000 	/System/Library/Frameworks/ImageIO.framework/Versions/A/Resources/libGIF.dylib
0x000000000d51e000 	/System/Library/Frameworks/ImageIO.framework/Versions/A/Resources/libJP2.dylib
0x000000000d51e000 	/System/Library/Frameworks/ImageIO.framework/Versions/A/Resources/libRadiance.dylib
0x000000000d51e000 	/System/Library/Frameworks/CoreVideo.framework/Versions/A/CoreVideo
0x000000000d51e000 	/System/Library/Frameworks/OpenGL.framework/Versions/A/Libraries/libGLU.dylib
0x000000000d51e000 	/System/Library/Frameworks/OpenGL.framework/Versions/A/Libraries/libGFXShared.dylib
0x000000000d51e000 	/System/Library/Frameworks/OpenGL.framework/Versions/A/Libraries/libGL.dylib
0x000000000d51e000 	/System/Library/Frameworks/OpenGL.framework/Versions/A/Libraries/libGLImage.dylib
0x000000000d51e000 	/System/Library/Frameworks/OpenGL.framework/Versions/A/Libraries/libCVMSPluginSupport.dylib
0x000000000d51e000 	/System/Library/Frameworks/OpenGL.framework/Versions/A/Libraries/libCoreVMClient.dylib
0x000000000d51e000 	/usr/lib/libcups.2.dylib
0x000000000d51e000 	/System/Library/Frameworks/Kerberos.framework/Versions/A/Kerberos
0x000000000d51e000 	/System/Library/Frameworks/GSS.framework/Versions/A/GSS
0x000000000d51e000 	/usr/lib/libresolv.9.dylib
0x000000000d51e000 	/System/Library/PrivateFrameworks/Heimdal.framework/Versions/A/Heimdal
0x000000000d51e000 	/usr/lib/libheimdal-asn1.dylib
0x000000000d51e000 	/System/Library/Frameworks/OpenDirectory.framework/Versions/A/OpenDirectory
0x000000000d51e000 	/System/Library/PrivateFrameworks/CommonAuth.framework/Versions/A/CommonAuth
0x000000000d51e000 	/System/Library/Frameworks/SecurityFoundation.framework/Versions/A/SecurityFoundation
0x000000000d51e000 	/System/Library/Frameworks/QuartzCore.framework/Versions/A/Frameworks/CoreImage.framework/Versions/A/CoreImage
0x000000000d51e000 	/System/Library/PrivateFrameworks/CrashReporterSupport.framework/Versions/A/CrashReporterSupport
0x000000000d51e000 	/System/Library/Frameworks/OpenCL.framework/Versions/A/OpenCL
0x000000000d51e000 	/System/Library/PrivateFrameworks/FaceCore.framework/Versions/A/FaceCore
0x000000000d51e000 	/System/Library/PrivateFrameworks/Ubiquity.framework/Versions/A/Ubiquity
0x000000000d51e000 	/System/Library/PrivateFrameworks/IconServices.framework/Versions/A/IconServices
0x000000000d51e000 	/System/Library/PrivateFrameworks/ChunkingLibrary.framework/Versions/A/ChunkingLibrary
0x000000000d51e000 	/System/Library/PrivateFrameworks/Apple80211.framework/Versions/A/Apple80211
0x000000000d51e000 	/System/Library/Frameworks/CoreWLAN.framework/Versions/A/CoreWLAN
0x000000000d51e000 	/System/Library/Frameworks/IOBluetooth.framework/Versions/A/IOBluetooth
0x000000000d51e000 	/System/Library/PrivateFrameworks/CoreWiFi.framework/Versions/A/CoreWiFi
0x000000000d51e000 	/System/Library/Frameworks/CoreBluetooth.framework/Versions/A/CoreBluetooth
0x000000000d51e000 	/System/Library/PrivateFrameworks/DebugSymbols.framework/Versions/A/DebugSymbols
0x000000000d51e000 	/System/Library/PrivateFrameworks/CoreSymbolication.framework/Versions/A/CoreSymbolication
0x000000000d51e000 	/System/Library/PrivateFrameworks/Symbolication.framework/Versions/A/Symbolication
0x000000000d51e000 	/System/Library/PrivateFrameworks/SpeechRecognitionCore.framework/Versions/A/SpeechRecognitionCore
0x0000000108600000 	/Library/Java/JavaVirtualMachines/jdk1.8.0_51.jdk/Contents/Home/jre/lib/server/libjvm.dylib
0x000000000d51e000 	/usr/lib/libstdc++.6.dylib
0x0000000109569000 	/Library/Java/JavaVirtualMachines/jdk1.8.0_51.jdk/Contents/Home/jre/lib/libverify.dylib
0x0000000109577000 	/Library/Java/JavaVirtualMachines/jdk1.8.0_51.jdk/Contents/Home/jre/lib/libjava.dylib
0x00000001095ac000 	/Library/Java/JavaVirtualMachines/jdk1.8.0_51.jdk/Contents/Home/jre/lib/libzip.dylib
0x00000001189e6000 	/System/Library/Frameworks/JavaVM.framework/Frameworks/JavaRuntimeSupport.framework/JavaRuntimeSupport
0x00000001e08d4000 	/System/Library/Frameworks/JavaVM.framework/Versions/A/Frameworks/JavaNativeFoundation.framework/Versions/A/JavaNativeFoundation
0x00000001e08e9000 	/System/Library/Frameworks/JavaVM.framework/Versions/A/JavaVM
0x000000000d51e000 	/System/Library/Frameworks/Carbon.framework/Versions/A/Carbon
0x00000001e08f6000 	/System/Library/PrivateFrameworks/JavaLaunching.framework/Versions/A/JavaLaunching
0x000000000d51e000 	/System/Library/Frameworks/Carbon.framework/Versions/A/Frameworks/CommonPanels.framework/Versions/A/CommonPanels
0x000000000d51e000 	/System/Library/Frameworks/Carbon.framework/Versions/A/Frameworks/Help.framework/Versions/A/Help
0x000000000d51e000 	/System/Library/Frameworks/Carbon.framework/Versions/A/Frameworks/ImageCapture.framework/Versions/A/ImageCapture
0x000000000d51e000 	/System/Library/Frameworks/Carbon.framework/Versions/A/Frameworks/OpenScripting.framework/Versions/A/OpenScripting
0x000000000d51e000 	/System/Library/Frameworks/Carbon.framework/Versions/A/Frameworks/Print.framework/Versions/A/Print
0x000000000d51e000 	/System/Library/Frameworks/Carbon.framework/Versions/A/Frameworks/SecurityHI.framework/Versions/A/SecurityHI
0x00000001e29eb000 	/Library/Java/JavaVirtualMachines/jdk1.8.0_51.jdk/Contents/Home/jre/lib/libprism_es2.dylib
0x000000000d51e000 	/System/Library/Frameworks/OpenGL.framework/Versions/A/Resources/GLEngine.bundle/GLEngine
0x000000000d51e000 	/System/Library/Frameworks/OpenGL.framework/Versions/A/Libraries/libGLProgrammability.dylib
0x0000000000000000 	/System/Library/Extensions/AppleIntelHD4000GraphicsGLDriver.bundle/Contents/MacOS/AppleIntelHD4000GraphicsGLDriver
0x000000000d51e000 	/System/Library/PrivateFrameworks/IOAccelerator.framework/Versions/A/IOAccelerator
0x000000000d51e000 	/System/Library/PrivateFrameworks/GPUSupport.framework/Versions/A/Libraries/libGPUSupportMercury.dylib
0x0000000000000000 	/System/Library/Extensions/GeForceGLDriver.bundle/Contents/MacOS/GeForceGLDriver
0x000000000d51e000 	/System/Library/Extensions/GeForceGLDriver.bundle/Contents/MacOS/libclh.dylib
0x000000000d51e000 	/System/Library/Frameworks/OpenGL.framework/Versions/A/Resources/GLRendererFloat.bundle/GLRendererFloat
0x000000000d51e000 	/System/Library/Frameworks/OpenCL.framework/Versions/A/Libraries/libcldcpuengine.dylib
0x000000000d51e000 	/System/Library/PrivateFrameworks/DiskImages.framework/Versions/A/DiskImages
0x000000000d51e000 	/System/Library/Frameworks/DiscRecording.framework/Versions/A/DiscRecording
0x000000000d51e000 	/usr/lib/libcsfde.dylib
0x000000000d51e000 	/usr/lib/libcurl.4.dylib
0x000000000d51e000 	/System/Library/PrivateFrameworks/MediaKit.framework/Versions/A/MediaKit
0x000000000d51e000 	/System/Library/PrivateFrameworks/ProtectedCloudStorage.framework/Versions/A/ProtectedCloudStorage
0x000000000d51e000 	/usr/lib/libCoreStorage.dylib
0x000000000d51e000 	/System/Library/PrivateFrameworks/EFILogin.framework/Versions/A/EFILogin
0x000000000d51e000 	/usr/lib/libutil.dylib
0x000000000d51e000 	/System/Library/PrivateFrameworks/FindMyDevice.framework/Versions/A/FindMyDevice
0x000000000d51e000 	/System/Library/Frameworks/LDAP.framework/Versions/A/LDAP
0x000000000d51e000 	/usr/lib/libsasl2.2.dylib
0x000000000d51e000 	/System/Library/PrivateFrameworks/CoreDaemon.framework/Versions/B/CoreDaemon
0x000000000d51e000 	/usr/lib/libcrypto.0.9.8.dylib
0x000000000d51e000 	/System/Library/PrivateFrameworks/AppleSRP.framework/Versions/A/AppleSRP
0x000000000d51e000 	/System/Library/PrivateFrameworks/TrustEvaluationAgent.framework/Versions/A/TrustEvaluationAgent
0x00000001e30d7000 	/Library/Java/JavaVirtualMachines/jdk1.8.0_51.jdk/Contents/Home/jre/lib/libglass.dylib
0x000000000d51e000 	/System/Library/PrivateFrameworks/CoreServicesInternal.framework/Versions/A/CoreServicesInternal
0x000000000d51e000 	/System/Library/PrivateFrameworks/CloudDocs.framework/Versions/A/CloudDocs
0x000000000d51e000 	/System/Library/PrivateFrameworks/CoreDuet.framework/Versions/A/CoreDuet
0x000000000d51e000 	/System/Library/Frameworks/CloudKit.framework/Versions/A/CloudKit
0x000000000d51e000 	/System/Library/PrivateFrameworks/ProtocolBuffer.framework/Versions/A/ProtocolBuffer
0x000000000d51e000 	/System/Library/PrivateFrameworks/CoreDuetDaemonProtocol.framework/Versions/A/CoreDuetDaemonProtocol
0x000000000d51e000 	/System/Library/PrivateFrameworks/CoreDuetDebugLogging.framework/Versions/A/CoreDuetDebugLogging
0x000000000d51e000 	/System/Library/Frameworks/CoreLocation.framework/Versions/A/CoreLocation
0x000000000d51e000 	/System/Library/Frameworks/Accounts.framework/Versions/A/Accounts
0x000000000d51e000 	/System/Library/PrivateFrameworks/ApplePushService.framework/Versions/A/ApplePushService
0x000000000d51e000 	/System/Library/PrivateFrameworks/GeoServices.framework/Versions/A/GeoServices
0x000000000d51e000 	/System/Library/PrivateFrameworks/OAuth.framework/Versions/A/OAuth
0x000000000d51e000 	/System/Library/Frameworks/CoreGraphics.framework/Versions/A/Resources/libCGCMS.A.dylib
0x000000000d51e000 	/System/Library/CoreServices/RawCamera.bundle/Contents/MacOS/RawCamera
0x000000000d51e000 	/System/Library/Frameworks/CoreGraphics.framework/Versions/A/Resources/libRIP.A.dylib
0x000000000d51e000 	/System/Library/PrivateFrameworks/FamilyControls.framework/Versions/A/FamilyControls
0x000000000d51e000 	/System/Library/PrivateFrameworks/CommerceKit.framework/Versions/A/Frameworks/CommerceCore.framework/Versions/A/CommerceCore
0x000000000d51e000 	/System/Library/PrivateFrameworks/SystemAdministration.framework/Versions/A/SystemAdministration
0x000000000d51e000 	/System/Library/PrivateFrameworks/AppContainer.framework/Versions/A/AppContainer
0x000000000d51e000 	/System/Library/PrivateFrameworks/SecCodeWrapper.framework/Versions/A/SecCodeWrapper
0x000000000d51e000 	/System/Library/Frameworks/DirectoryService.framework/Versions/A/DirectoryService
0x000000000d51e000 	/System/Library/PrivateFrameworks/LoginUIKit.framework/Versions/A/Frameworks/LoginUICore.framework/Versions/A/LoginUICore
0x000000000d51e000 	/usr/lib/libodfde.dylib
0x00000001e74ef000 	/Library/Java/JavaVirtualMachines/jdk1.8.0_51.jdk/Contents/Home/jre/lib/libnet.dylib

VM Arguments:
jvm_args: -Dfile.encoding=UTF-8 
java_command: application.Main
java_class_path (initial): /Users/brent/SpiderOak Hive/JavaFX/SUREPulseFX/bin:/Users/brent/Downloads/Eclipse.app/Contents/Eclipse/plugins/org.eclipse.fx.ide.css.jfx8_2.0.0.201506111511.jar:/Users/brent/SpiderOak Hive/JavaFX/SUREPulseFX/lib/zip4j_1.3.2.jar:/Users/brent/SpiderOak Hive/JavaFX/SUREPulseFX/lib/jscience.jar:/Users/brent/SpiderOak Hive/JavaFX/SUREPulseFX/lib/signalFilter.jar:/Users/brent/SpiderOak Hive/JavaFX/SUREPulseFX/lib/dsp-collection.jar:/Users/brent/SpiderOak Hive/JavaFX/SUREPulseFX/lib/commons-math3-3.5-javadoc.jar:/Users/brent/SpiderOak Hive/JavaFX/SUREPulseFX/lib/commons-math3-3.5.jar:/Users/brent/Downloads/Eclipse.app/Contents/Eclipse/plugins/org.junit_4.12.0.v201504281640/junit.jar:/Users/brent/Downloads/Eclipse.app/Contents/Eclipse/plugins/org.hamcrest.core_1.3.0.v201303031735.jar:/Users/brent/SpiderOak Hive/JavaFX/SUREPulseFX/lib/gson-2.5.jar:/Users/brent/SpiderOak Hive/JavaFX/SUREPulseFX/lib/slf4j-api-1.6.1.jar:/Users/brent/SpiderOak Hive/JavaFX/SUREPulseFX/lib/JGoogleAnalyticsTracker-1.2.0.jar:/Users/brent/SpiderOak Hive/JavaFX/SUREPulseFX/lib/controlsfx-8.40.9.jar:/Users/brent/SpiderOak Hive/JavaFX/SUREPulseFX/lib/SX.jar:/Users/brent/SpiderOak Hive/JavaFX/SUREPulseFX/lib/jna.jar
Launcher Type: SUN_STANDARD

Environment Variables:
PATH=/usr/bin:/bin:/usr/sbin:/sbin
SHELL=/bin/bash

Signal Handlers:
SIGSEGV: [libjvm.dylib+0x58ef35], sa_mask[0]=11111111011111110111111111111111, sa_flags=SA_ONSTACK|SA_RESTART|SA_SIGINFO
SIGBUS: [libjvm.dylib+0x58ef35], sa_mask[0]=11111111011111110111111111111111, sa_flags=SA_RESTART|SA_SIGINFO
SIGFPE: [libjvm.dylib+0x46c028], sa_mask[0]=11111111011111110111111111111111, sa_flags=SA_RESTART|SA_SIGINFO
SIGPIPE: [libjvm.dylib+0x46c028], sa_mask[0]=11111111011111110111111111111111, sa_flags=SA_RESTART|SA_SIGINFO
SIGXFSZ: [libjvm.dylib+0x46c028], sa_mask[0]=11111111011111110111111111111111, sa_flags=SA_RESTART|SA_SIGINFO
SIGILL: [libjvm.dylib+0x46c028], sa_mask[0]=11111111011111110111111111111111, sa_flags=SA_RESTART|SA_SIGINFO
SIGUSR1: SIG_DFL, sa_mask[0]=00000000000000000000000000000000, sa_flags=none
SIGUSR2: [libjvm.dylib+0x46bb46], sa_mask[0]=00100000000000000000000000000000, sa_flags=SA_RESTART|SA_SIGINFO
SIGHUP: [libjvm.dylib+0x46a119], sa_mask[0]=11111111011111110111111111111111, sa_flags=SA_RESTART|SA_SIGINFO
SIGINT: [libjvm.dylib+0x46a119], sa_mask[0]=11111111011111110111111111111111, sa_flags=SA_RESTART|SA_SIGINFO
SIGTERM: [libjvm.dylib+0x46a119], sa_mask[0]=11111111011111110111111111111111, sa_flags=SA_RESTART|SA_SIGINFO
SIGQUIT: [libjvm.dylib+0x46a119], sa_mask[0]=11111111011111110111111111111111, sa_flags=SA_RESTART|SA_SIGINFO


---------------  S Y S T E M  ---------------

OS:Bsduname:Darwin 14.0.0 Darwin Kernel Version 14.0.0: Fri Sep 19 00:26:44 PDT 2014; root:xnu-2782.1.97~2/RELEASE_X86_64 x86_64
rlimit: STACK 8192k, CORE 0k, NPROC 709, NOFILE 10240, AS infinity
load average:2.09 2.08 2.19

CPU:total 8 (4 cores per cpu, 2 threads per core) family 6 model 58 stepping 9, cmov, cx8, fxsr, mmx, sse, sse2, sse3, ssse3, sse4.1, sse4.2, popcnt, avx, aes, clmul, erms, ht, tsc, tscinvbit, tscinv

Memory: 4k page, physical 8388608k(201496k free)

/proc/meminfo:


vm_info: Java HotSpot(TM) 64-Bit Server VM (25.51-b03) for bsd-amd64 JRE (1.8.0_51-b16), built on Jun  8 2015 18:01:11 by "java_re" with gcc 4.2.1 (Based on Apple Inc. build 5658) (LLVM build 2336.11.00)

time: Tue Dec  8 17:56:01 2015
elapsed time: 0 seconds (0d 0h 0m 0s)

